{"/spotify-radio/public/controller/js/view.js": {"path":"/spotify-radio/public/controller/js/view.js","statementMap":{"0":{"start":{"line":3,"column":4},"end":{"line":3,"column":53}},"1":{"start":{"line":4,"column":4},"end":{"line":4,"column":51}},"2":{"start":{"line":6,"column":4},"end":{"line":6,"column":33}},"3":{"start":{"line":10,"column":4},"end":{"line":10,"column":38}},"4":{"start":{"line":11,"column":4},"end":{"line":11,"column":59}},"5":{"start":{"line":15,"column":4},"end":{"line":20,"column":7}},"6":{"start":{"line":16,"column":17},"end":{"line":16,"column":40}},"7":{"start":{"line":17,"column":6},"end":{"line":17,"column":38}},"8":{"start":{"line":19,"column":6},"end":{"line":19,"column":33}},"9":{"start":{"line":24,"column":4},"end":{"line":24,"column":25}},"10":{"start":{"line":28,"column":20},"end":{"line":28,"column":29}},"11":{"start":{"line":29,"column":4},"end":{"line":29,"column":35}}},"fnMap":{"0":{"name":"(anonymous_0)","decl":{"start":{"line":2,"column":2},"end":{"line":2,"column":3}},"loc":{"start":{"line":2,"column":16},"end":{"line":7,"column":3}},"line":2},"1":{"name":"onBtnClick","decl":{"start":{"line":5,"column":19},"end":{"line":5,"column":29}},"loc":{"start":{"line":5,"column":32},"end":{"line":5,"column":34}},"line":5},"2":{"name":"(anonymous_2)","decl":{"start":{"line":9,"column":2},"end":{"line":9,"column":3}},"loc":{"start":{"line":9,"column":11},"end":{"line":12,"column":3}},"line":9},"3":{"name":"(anonymous_3)","decl":{"start":{"line":14,"column":2},"end":{"line":14,"column":3}},"loc":{"start":{"line":14,"column":42},"end":{"line":21,"column":3}},"line":14},"4":{"name":"(anonymous_4)","decl":{"start":{"line":15,"column":68},"end":{"line":15,"column":69}},"loc":{"start":{"line":15,"column":75},"end":{"line":20,"column":5}},"line":15},"5":{"name":"onClickReset","decl":{"start":{"line":18,"column":15},"end":{"line":18,"column":27}},"loc":{"start":{"line":18,"column":30},"end":{"line":18,"column":32}},"line":18},"6":{"name":"(anonymous_6)","decl":{"start":{"line":23,"column":2},"end":{"line":23,"column":3}},"loc":{"start":{"line":23,"column":26},"end":{"line":25,"column":3}},"line":23},"7":{"name":"(anonymous_7)","decl":{"start":{"line":27,"column":2},"end":{"line":27,"column":3}},"loc":{"start":{"line":27,"column":54},"end":{"line":30,"column":3}},"line":27}},"branchMap":{"0":{"loc":{"start":{"line":14,"column":29},"end":{"line":14,"column":40}},"type":"default-arg","locations":[{"start":{"line":14,"column":36},"end":{"line":14,"column":40}}],"line":14},"1":{"loc":{"start":{"line":16,"column":17},"end":{"line":16,"column":40}},"type":"cond-expr","locations":[{"start":{"line":16,"column":24},"end":{"line":16,"column":29}},{"start":{"line":16,"column":32},"end":{"line":16,"column":40}}],"line":16}},"s":{"0":3,"1":3,"2":3,"3":1,"4":1,"5":2,"6":2,"7":2,"8":2,"9":0,"10":0,"11":0},"f":{"0":3,"1":0,"2":1,"3":2,"4":2,"5":2,"6":0,"7":0},"b":{"0":[1],"1":[1,1]},"_coverageSchema":"1a1c01bbd47fc00a2c39e90264f33305004495a9","hash":"6b552ee62f764c9305f1eadc57ea339aa8e16e79"}
,"/spotify-radio/server/config.js": {"path":"/spotify-radio/server/config.js","statementMap":{"0":{"start":{"line":4,"column":19},"end":{"line":4,"column":58}},"1":{"start":{"line":5,"column":13},"end":{"line":5,"column":36}},"2":{"start":{"line":6,"column":23},"end":{"line":6,"column":42}},"3":{"start":{"line":7,"column":24},"end":{"line":7,"column":44}},"4":{"start":{"line":8,"column":23},"end":{"line":8,"column":52}}},"fnMap":{},"branchMap":{"0":{"loc":{"start":{"line":11,"column":8},"end":{"line":11,"column":32}},"type":"binary-expr","locations":[{"start":{"line":11,"column":8},"end":{"line":11,"column":24}},{"start":{"line":11,"column":28},"end":{"line":11,"column":32}}],"line":11}},"s":{"0":3,"1":3,"2":3,"3":3,"4":3},"f":{},"b":{"0":[3,3]},"_coverageSchema":"1a1c01bbd47fc00a2c39e90264f33305004495a9","hash":"eb5c56cdcc28b875c31e3feef404e238512f635e"}
,"/spotify-radio/server/controller.js": {"path":"/spotify-radio/server/controller.js","statementMap":{"0":{"start":{"line":6,"column":4},"end":{"line":6,"column":33}},"1":{"start":{"line":10,"column":4},"end":{"line":10,"column":48}},"2":{"start":{"line":11,"column":16},"end":{"line":11,"column":37}},"3":{"start":{"line":12,"column":19},"end":{"line":12,"column":35}},"4":{"start":{"line":13,"column":4},"end":{"line":16,"column":5}},"5":{"start":{"line":14,"column":6},"end":{"line":14,"column":36}},"6":{"start":{"line":15,"column":6},"end":{"line":15,"column":20}},"7":{"start":{"line":18,"column":4},"end":{"line":21,"column":5}},"8":{"start":{"line":19,"column":6},"end":{"line":19,"column":36}},"9":{"start":{"line":20,"column":6},"end":{"line":20,"column":20}},"10":{"start":{"line":23,"column":4},"end":{"line":23,"column":41}},"11":{"start":{"line":27,"column":4},"end":{"line":27,"column":48}},"12":{"start":{"line":31,"column":33},"end":{"line":31,"column":66}},"13":{"start":{"line":33,"column":20},"end":{"line":36,"column":5}},"14":{"start":{"line":34,"column":6},"end":{"line":34,"column":49}},"15":{"start":{"line":35,"column":6},"end":{"line":35,"column":42}},"16":{"start":{"line":38,"column":4},"end":{"line":41,"column":6}}},"fnMap":{"0":{"name":"(anonymous_0)","decl":{"start":{"line":5,"column":2},"end":{"line":5,"column":3}},"loc":{"start":{"line":5,"column":16},"end":{"line":7,"column":3}},"line":5},"1":{"name":"(anonymous_1)","decl":{"start":{"line":9,"column":2},"end":{"line":9,"column":3}},"loc":{"start":{"line":9,"column":35},"end":{"line":24,"column":3}},"line":9},"2":{"name":"(anonymous_2)","decl":{"start":{"line":26,"column":2},"end":{"line":26,"column":3}},"loc":{"start":{"line":26,"column":32},"end":{"line":28,"column":3}},"line":26},"3":{"name":"(anonymous_3)","decl":{"start":{"line":30,"column":2},"end":{"line":30,"column":3}},"loc":{"start":{"line":30,"column":23},"end":{"line":42,"column":3}},"line":30},"4":{"name":"(anonymous_4)","decl":{"start":{"line":33,"column":20},"end":{"line":33,"column":21}},"loc":{"start":{"line":33,"column":26},"end":{"line":36,"column":5}},"line":33}},"branchMap":{"0":{"loc":{"start":{"line":13,"column":4},"end":{"line":16,"column":5}},"type":"if","locations":[{"start":{"line":13,"column":4},"end":{"line":16,"column":5}},{"start":{},"end":{}}],"line":13},"1":{"loc":{"start":{"line":18,"column":4},"end":{"line":21,"column":5}},"type":"if","locations":[{"start":{"line":18,"column":4},"end":{"line":21,"column":5}},{"start":{},"end":{}}],"line":18}},"s":{"0":2,"1":0,"2":0,"3":0,"4":0,"5":0,"6":0,"7":0,"8":0,"9":0,"10":0,"11":1,"12":0,"13":0,"14":0,"15":0,"16":0},"f":{"0":2,"1":0,"2":1,"3":0,"4":0},"b":{"0":[0,0],"1":[0,0]},"_coverageSchema":"1a1c01bbd47fc00a2c39e90264f33305004495a9","hash":"3435efe734548e7730b6fc053ee32ab65ee0f7fc"}
,"/spotify-radio/server/routes.js": {"path":"/spotify-radio/server/routes.js","statementMap":{"0":{"start":{"line":7,"column":19},"end":{"line":7,"column":35}},"1":{"start":{"line":10,"column":26},"end":{"line":10,"column":33}},"2":{"start":{"line":11,"column":2},"end":{"line":17,"column":3}},"3":{"start":{"line":12,"column":4},"end":{"line":14,"column":7}},"4":{"start":{"line":16,"column":4},"end":{"line":16,"column":26}},"5":{"start":{"line":19,"column":2},"end":{"line":24,"column":3}},"6":{"start":{"line":20,"column":23},"end":{"line":20,"column":76}},"7":{"start":{"line":23,"column":4},"end":{"line":23,"column":33}},"8":{"start":{"line":26,"column":2},"end":{"line":33,"column":3}},"9":{"start":{"line":27,"column":23},"end":{"line":29,"column":5}},"10":{"start":{"line":32,"column":4},"end":{"line":32,"column":33}},"11":{"start":{"line":35,"column":2},"end":{"line":40,"column":3}},"12":{"start":{"line":36,"column":17},"end":{"line":36,"column":44}},"13":{"start":{"line":37,"column":17},"end":{"line":37,"column":33}},"14":{"start":{"line":38,"column":19},"end":{"line":38,"column":55}},"15":{"start":{"line":39,"column":4},"end":{"line":39,"column":48}},"16":{"start":{"line":42,"column":2},"end":{"line":51,"column":3}},"17":{"start":{"line":43,"column":32},"end":{"line":43,"column":63}},"18":{"start":{"line":44,"column":4},"end":{"line":44,"column":35}},"19":{"start":{"line":45,"column":4},"end":{"line":48,"column":7}},"20":{"start":{"line":50,"column":4},"end":{"line":50,"column":33}},"21":{"start":{"line":54,"column":2},"end":{"line":67,"column":3}},"22":{"start":{"line":55,"column":29},"end":{"line":55,"column":64}},"23":{"start":{"line":56,"column":4},"end":{"line":56,"column":41}},"24":{"start":{"line":58,"column":24},"end":{"line":58,"column":59}},"25":{"start":{"line":60,"column":4},"end":{"line":64,"column":5}},"26":{"start":{"line":61,"column":6},"end":{"line":63,"column":9}},"27":{"start":{"line":66,"column":4},"end":{"line":66,"column":33}},"28":{"start":{"line":69,"column":2},"end":{"line":69,"column":26}},"29":{"start":{"line":70,"column":2},"end":{"line":70,"column":24}},"30":{"start":{"line":74,"column":2},"end":{"line":78,"column":3}},"31":{"start":{"line":75,"column":4},"end":{"line":75,"column":50}},"32":{"start":{"line":76,"column":4},"end":{"line":76,"column":28}},"33":{"start":{"line":77,"column":4},"end":{"line":77,"column":26}},"34":{"start":{"line":80,"column":2},"end":{"line":80,"column":53}},"35":{"start":{"line":81,"column":2},"end":{"line":81,"column":26}},"36":{"start":{"line":82,"column":2},"end":{"line":82,"column":24}},"37":{"start":{"line":86,"column":2},"end":{"line":86,"column":80}},"38":{"start":{"line":86,"column":50},"end":{"line":86,"column":78}}},"fnMap":{"0":{"name":"routes","decl":{"start":{"line":9,"column":15},"end":{"line":9,"column":21}},"loc":{"start":{"line":9,"column":41},"end":{"line":71,"column":1}},"line":9},"1":{"name":"handleError","decl":{"start":{"line":73,"column":9},"end":{"line":73,"column":20}},"loc":{"start":{"line":73,"column":38},"end":{"line":83,"column":1}},"line":73},"2":{"name":"handler","decl":{"start":{"line":85,"column":16},"end":{"line":85,"column":23}},"loc":{"start":{"line":85,"column":43},"end":{"line":87,"column":1}},"line":85},"3":{"name":"(anonymous_3)","decl":{"start":{"line":86,"column":41},"end":{"line":86,"column":42}},"loc":{"start":{"line":86,"column":50},"end":{"line":86,"column":78}},"line":86}},"branchMap":{"0":{"loc":{"start":{"line":11,"column":2},"end":{"line":17,"column":3}},"type":"if","locations":[{"start":{"line":11,"column":2},"end":{"line":17,"column":3}},{"start":{},"end":{}}],"line":11},"1":{"loc":{"start":{"line":11,"column":6},"end":{"line":11,"column":37}},"type":"binary-expr","locations":[{"start":{"line":11,"column":6},"end":{"line":11,"column":22}},{"start":{"line":11,"column":26},"end":{"line":11,"column":37}}],"line":11},"2":{"loc":{"start":{"line":19,"column":2},"end":{"line":24,"column":3}},"type":"if","locations":[{"start":{"line":19,"column":2},"end":{"line":24,"column":3}},{"start":{},"end":{}}],"line":19},"3":{"loc":{"start":{"line":19,"column":6},"end":{"line":19,"column":41}},"type":"binary-expr","locations":[{"start":{"line":19,"column":6},"end":{"line":19,"column":22}},{"start":{"line":19,"column":26},"end":{"line":19,"column":41}}],"line":19},"4":{"loc":{"start":{"line":26,"column":2},"end":{"line":33,"column":3}},"type":"if","locations":[{"start":{"line":26,"column":2},"end":{"line":33,"column":3}},{"start":{},"end":{}}],"line":26},"5":{"loc":{"start":{"line":26,"column":6},"end":{"line":26,"column":47}},"type":"binary-expr","locations":[{"start":{"line":26,"column":6},"end":{"line":26,"column":22}},{"start":{"line":26,"column":26},"end":{"line":26,"column":47}}],"line":26},"6":{"loc":{"start":{"line":35,"column":2},"end":{"line":40,"column":3}},"type":"if","locations":[{"start":{"line":35,"column":2},"end":{"line":40,"column":3}},{"start":{},"end":{}}],"line":35},"7":{"loc":{"start":{"line":35,"column":6},"end":{"line":35,"column":48}},"type":"binary-expr","locations":[{"start":{"line":35,"column":6},"end":{"line":35,"column":23}},{"start":{"line":35,"column":27},"end":{"line":35,"column":48}}],"line":35},"8":{"loc":{"start":{"line":42,"column":2},"end":{"line":51,"column":3}},"type":"if","locations":[{"start":{"line":42,"column":2},"end":{"line":51,"column":3}},{"start":{},"end":{}}],"line":42},"9":{"loc":{"start":{"line":42,"column":6},"end":{"line":42,"column":49}},"type":"binary-expr","locations":[{"start":{"line":42,"column":6},"end":{"line":42,"column":22}},{"start":{"line":42,"column":26},"end":{"line":42,"column":49}}],"line":42},"10":{"loc":{"start":{"line":54,"column":2},"end":{"line":67,"column":3}},"type":"if","locations":[{"start":{"line":54,"column":2},"end":{"line":67,"column":3}},{"start":{},"end":{}}],"line":54},"11":{"loc":{"start":{"line":60,"column":4},"end":{"line":64,"column":5}},"type":"if","locations":[{"start":{"line":60,"column":4},"end":{"line":64,"column":5}},{"start":{},"end":{}}],"line":60},"12":{"loc":{"start":{"line":74,"column":2},"end":{"line":78,"column":3}},"type":"if","locations":[{"start":{"line":74,"column":2},"end":{"line":78,"column":3}},{"start":{},"end":{}}],"line":74}},"s":{"0":1,"1":8,"2":8,"3":1,"4":1,"5":7,"6":1,"7":1,"8":6,"9":1,"10":1,"11":5,"12":0,"13":0,"14":0,"15":0,"16":5,"17":0,"18":0,"19":0,"20":0,"21":5,"22":4,"23":2,"24":2,"25":2,"26":1,"27":2,"28":1,"29":1,"30":2,"31":1,"32":1,"33":1,"34":1,"35":1,"36":1,"37":8,"38":2},"f":{"0":8,"1":2,"2":8,"3":2},"b":{"0":[1,7],"1":[8,7],"2":[1,6],"3":[7,6],"4":[1,5],"5":[6,5],"6":[0,5],"7":[5,1],"8":[0,5],"9":[5,4],"10":[4,1],"11":[1,1],"12":[1,1]},"_coverageSchema":"1a1c01bbd47fc00a2c39e90264f33305004495a9","hash":"73d74fe4e114804172d1916dd2211f224d580cea"}
,"/spotify-radio/server/services.js": {"path":"/spotify-radio/server/services.js","statementMap":{"0":{"start":{"line":16,"column":4},"end":{"line":16,"column":35}},"1":{"start":{"line":17,"column":4},"end":{"line":17,"column":60}},"2":{"start":{"line":18,"column":4},"end":{"line":18,"column":28}},"3":{"start":{"line":19,"column":4},"end":{"line":19,"column":32}},"4":{"start":{"line":20,"column":4},"end":{"line":20,"column":30}},"5":{"start":{"line":22,"column":4},"end":{"line":24,"column":13}},"6":{"start":{"line":23,"column":6},"end":{"line":23,"column":28}},"7":{"start":{"line":28,"column":15},"end":{"line":28,"column":27}},"8":{"start":{"line":29,"column":25},"end":{"line":29,"column":42}},"9":{"start":{"line":30,"column":4},"end":{"line":30,"column":45}},"10":{"start":{"line":31,"column":4},"end":{"line":34,"column":6}},"11":{"start":{"line":38,"column":4},"end":{"line":38,"column":34}},"12":{"start":{"line":42,"column":4},"end":{"line":42,"column":43}},"13":{"start":{"line":46,"column":4},"end":{"line":59,"column":7}},"14":{"start":{"line":48,"column":8},"end":{"line":55,"column":9}},"15":{"start":{"line":49,"column":10},"end":{"line":52,"column":11}},"16":{"start":{"line":50,"column":12},"end":{"line":50,"column":42}},"17":{"start":{"line":51,"column":12},"end":{"line":51,"column":21}},"18":{"start":{"line":54,"column":10},"end":{"line":54,"column":30}},"19":{"start":{"line":57,"column":8},"end":{"line":57,"column":13}},"20":{"start":{"line":63,"column":4},"end":{"line":63,"column":53}},"21":{"start":{"line":65,"column":6},"end":{"line":66,"column":37}},"22":{"start":{"line":67,"column":31},"end":{"line":67,"column":77}},"23":{"start":{"line":68,"column":26},"end":{"line":70,"column":5}},"24":{"start":{"line":72,"column":4},"end":{"line":76,"column":6}},"25":{"start":{"line":80,"column":4},"end":{"line":80,"column":35}},"26":{"start":{"line":84,"column":4},"end":{"line":103,"column":5}},"27":{"start":{"line":85,"column":19},"end":{"line":89,"column":7}},"28":{"start":{"line":91,"column":33},"end":{"line":91,"column":62}},"29":{"start":{"line":93,"column":6},"end":{"line":93,"column":78}},"30":{"start":{"line":95,"column":31},"end":{"line":95,"column":76}},"31":{"start":{"line":95,"column":62},"end":{"line":95,"column":75}},"32":{"start":{"line":97,"column":6},"end":{"line":97,"column":52}},"33":{"start":{"line":97,"column":17},"end":{"line":97,"column":52}},"34":{"start":{"line":99,"column":6},"end":{"line":99,"column":59}},"35":{"start":{"line":101,"column":6},"end":{"line":101,"column":52}},"36":{"start":{"line":102,"column":6},"end":{"line":102,"column":46}},"37":{"start":{"line":107,"column":4},"end":{"line":107,"column":41}},"38":{"start":{"line":111,"column":25},"end":{"line":111,"column":63}},"39":{"start":{"line":112,"column":4},"end":{"line":112,"column":42}},"40":{"start":{"line":113,"column":21},"end":{"line":113,"column":42}},"41":{"start":{"line":115,"column":4},"end":{"line":118,"column":6}},"42":{"start":{"line":122,"column":27},"end":{"line":122,"column":55}},"43":{"start":{"line":124,"column":4},"end":{"line":127,"column":6}}},"fnMap":{"0":{"name":"(anonymous_0)","decl":{"start":{"line":15,"column":2},"end":{"line":15,"column":3}},"loc":{"start":{"line":15,"column":16},"end":{"line":25,"column":3}},"line":15},"1":{"name":"(anonymous_1)","decl":{"start":{"line":22,"column":15},"end":{"line":22,"column":16}},"loc":{"start":{"line":22,"column":21},"end":{"line":24,"column":5}},"line":22},"2":{"name":"(anonymous_2)","decl":{"start":{"line":27,"column":2},"end":{"line":27,"column":3}},"loc":{"start":{"line":27,"column":23},"end":{"line":35,"column":3}},"line":27},"3":{"name":"(anonymous_3)","decl":{"start":{"line":37,"column":2},"end":{"line":37,"column":3}},"loc":{"start":{"line":37,"column":25},"end":{"line":39,"column":3}},"line":37},"4":{"name":"(anonymous_4)","decl":{"start":{"line":41,"column":2},"end":{"line":41,"column":3}},"loc":{"start":{"line":41,"column":27},"end":{"line":43,"column":3}},"line":41},"5":{"name":"(anonymous_5)","decl":{"start":{"line":45,"column":2},"end":{"line":45,"column":3}},"loc":{"start":{"line":45,"column":14},"end":{"line":60,"column":3}},"line":45},"6":{"name":"(anonymous_6)","decl":{"start":{"line":47,"column":13},"end":{"line":47,"column":14}},"loc":{"start":{"line":47,"column":36},"end":{"line":58,"column":7}},"line":47},"7":{"name":"(anonymous_7)","decl":{"start":{"line":62,"column":2},"end":{"line":62,"column":3}},"loc":{"start":{"line":62,"column":25},"end":{"line":77,"column":3}},"line":62},"8":{"name":"(anonymous_8)","decl":{"start":{"line":79,"column":2},"end":{"line":79,"column":3}},"loc":{"start":{"line":79,"column":18},"end":{"line":81,"column":3}},"line":79},"9":{"name":"(anonymous_9)","decl":{"start":{"line":83,"column":2},"end":{"line":83,"column":3}},"loc":{"start":{"line":83,"column":25},"end":{"line":104,"column":3}},"line":83},"10":{"name":"(anonymous_10)","decl":{"start":{"line":95,"column":52},"end":{"line":95,"column":53}},"loc":{"start":{"line":95,"column":62},"end":{"line":95,"column":75}},"line":95},"11":{"name":"(anonymous_11)","decl":{"start":{"line":106,"column":2},"end":{"line":106,"column":3}},"loc":{"start":{"line":106,"column":29},"end":{"line":108,"column":3}},"line":106},"12":{"name":"(anonymous_12)","decl":{"start":{"line":110,"column":2},"end":{"line":110,"column":3}},"loc":{"start":{"line":110,"column":26},"end":{"line":119,"column":3}},"line":110},"13":{"name":"(anonymous_13)","decl":{"start":{"line":121,"column":2},"end":{"line":121,"column":3}},"loc":{"start":{"line":121,"column":28},"end":{"line":128,"column":3}},"line":121}},"branchMap":{"0":{"loc":{"start":{"line":49,"column":10},"end":{"line":52,"column":11}},"type":"if","locations":[{"start":{"line":49,"column":10},"end":{"line":52,"column":11}},{"start":{},"end":{}}],"line":49},"1":{"loc":{"start":{"line":97,"column":6},"end":{"line":97,"column":52}},"type":"if","locations":[{"start":{"line":97,"column":6},"end":{"line":97,"column":52}},{"start":{},"end":{}}],"line":97}},"s":{"0":5,"1":5,"2":5,"3":5,"4":5,"5":5,"6":0,"7":0,"8":0,"9":0,"10":0,"11":0,"12":0,"13":0,"14":0,"15":0,"16":0,"17":0,"18":0,"19":0,"20":0,"21":0,"22":0,"23":0,"24":0,"25":0,"26":0,"27":0,"28":0,"29":0,"30":0,"31":0,"32":0,"33":0,"34":0,"35":0,"36":0,"37":1,"38":1,"39":1,"40":1,"41":1,"42":1,"43":1},"f":{"0":5,"1":0,"2":0,"3":0,"4":0,"5":0,"6":0,"7":0,"8":0,"9":0,"10":0,"11":1,"12":1,"13":1},"b":{"0":[0,0],"1":[0,0]},"_coverageSchema":"1a1c01bbd47fc00a2c39e90264f33305004495a9","hash":"40b34b2a76f8dadb9f8aaa41f2cfc41902f0cc09"}
,"/spotify-radio/server/util.js": {"path":"/spotify-radio/server/util.js","statementMap":{"0":{"start":{"line":3,"column":12},"end":{"line":11,"column":2}},"1":{"start":{"line":13,"column":22},"end":{"line":13,"column":25}}},"fnMap":{},"branchMap":{},"s":{"0":3,"1":3},"f":{},"b":{},"_coverageSchema":"1a1c01bbd47fc00a2c39e90264f33305004495a9","hash":"8046f063b8b4a8f1672901a70cfb329eeaacd776"}
,"/spotify-radio/tests/unit/_util/testUtil.js": {"path":"/spotify-radio/tests/unit/_util/testUtil.js","statementMap":{"0":{"start":{"line":6,"column":4},"end":{"line":14,"column":7}},"1":{"start":{"line":8,"column":8},"end":{"line":10,"column":9}},"2":{"start":{"line":9,"column":10},"end":{"line":9,"column":26}},"3":{"start":{"line":12,"column":8},"end":{"line":12,"column":24}},"4":{"start":{"line":18,"column":4},"end":{"line":24,"column":7}},"5":{"start":{"line":20,"column":8},"end":{"line":20,"column":22}},"6":{"start":{"line":22,"column":8},"end":{"line":22,"column":24}},"7":{"start":{"line":28,"column":26},"end":{"line":28,"column":63}},"8":{"start":{"line":29,"column":21},"end":{"line":29,"column":62}},"9":{"start":{"line":30,"column":17},"end":{"line":40,"column":5}},"10":{"start":{"line":42,"column":4},"end":{"line":45,"column":6}},"11":{"start":{"line":43,"column":20},"end":{"line":43,"column":39}}},"fnMap":{"0":{"name":"(anonymous_0)","decl":{"start":{"line":5,"column":2},"end":{"line":5,"column":3}},"loc":{"start":{"line":5,"column":38},"end":{"line":15,"column":3}},"line":5},"1":{"name":"(anonymous_1)","decl":{"start":{"line":7,"column":6},"end":{"line":7,"column":7}},"loc":{"start":{"line":7,"column":13},"end":{"line":13,"column":7}},"line":7},"2":{"name":"(anonymous_2)","decl":{"start":{"line":17,"column":2},"end":{"line":17,"column":3}},"loc":{"start":{"line":17,"column":40},"end":{"line":25,"column":3}},"line":17},"3":{"name":"(anonymous_3)","decl":{"start":{"line":19,"column":6},"end":{"line":19,"column":7}},"loc":{"start":{"line":19,"column":31},"end":{"line":23,"column":7}},"line":19},"4":{"name":"(anonymous_4)","decl":{"start":{"line":27,"column":2},"end":{"line":27,"column":3}},"loc":{"start":{"line":27,"column":31},"end":{"line":46,"column":3}},"line":27},"5":{"name":"(anonymous_5)","decl":{"start":{"line":29,"column":53},"end":{"line":29,"column":54}},"loc":{"start":{"line":29,"column":59},"end":{"line":29,"column":61}},"line":29},"6":{"name":"(anonymous_6)","decl":{"start":{"line":43,"column":14},"end":{"line":43,"column":15}},"loc":{"start":{"line":43,"column":20},"end":{"line":43,"column":39}},"line":43}},"branchMap":{},"s":{"0":15,"1":0,"2":0,"3":0,"4":8,"5":0,"6":0,"7":8,"8":8,"9":8,"10":8,"11":8},"f":{"0":15,"1":0,"2":8,"3":0,"4":8,"5":0,"6":8},"b":{},"_coverageSchema":"1a1c01bbd47fc00a2c39e90264f33305004495a9","hash":"a83ef1f2d35509a6f51cd9d515d04d814df1c9c8"}
}
