TN:
SF:public/controller/js/view.js
FN:2,(anonymous_0)
FN:5,onBtnClick
FN:9,(anonymous_2)
FN:14,(anonymous_3)
FN:15,(anonymous_4)
FN:18,onClickReset
FN:23,(anonymous_6)
FN:27,(anonymous_7)
FNF:8
FNH:5
FNDA:3,(anonymous_0)
FNDA:0,onBtnClick
FNDA:1,(anonymous_2)
FNDA:2,(anonymous_3)
FNDA:2,(anonymous_4)
FNDA:2,onClickReset
FNDA:0,(anonymous_6)
FNDA:0,(anonymous_7)
DA:3,3
DA:4,3
DA:6,3
DA:10,1
DA:11,1
DA:15,2
DA:16,2
DA:17,2
DA:19,2
DA:24,0
DA:28,0
DA:29,0
LF:12
LH:9
BRDA:14,0,0,1
BRDA:16,1,0,1
BRDA:16,1,1,1
BRF:3
BRH:3
end_of_record
TN:
SF:server/config.js
FNF:0
FNH:0
DA:4,3
DA:5,3
DA:6,3
DA:7,3
DA:8,3
LF:5
LH:5
BRDA:11,0,0,3
BRDA:11,0,1,3
BRF:2
BRH:2
end_of_record
TN:
SF:server/controller.js
FN:5,(anonymous_0)
FN:9,(anonymous_1)
FN:26,(anonymous_2)
FN:30,(anonymous_3)
FN:33,(anonymous_4)
FNF:5
FNH:2
FNDA:2,(anonymous_0)
FNDA:0,(anonymous_1)
FNDA:1,(anonymous_2)
FNDA:0,(anonymous_3)
FNDA:0,(anonymous_4)
DA:6,2
DA:10,0
DA:11,0
DA:12,0
DA:13,0
DA:14,0
DA:15,0
DA:18,0
DA:19,0
DA:20,0
DA:23,0
DA:27,1
DA:31,0
DA:33,0
DA:34,0
DA:35,0
DA:38,0
LF:17
LH:2
BRDA:13,0,0,0
BRDA:13,0,1,0
BRDA:18,1,0,0
BRDA:18,1,1,0
BRF:4
BRH:0
end_of_record
TN:
SF:server/routes.js
FN:9,routes
FN:73,handleError
FN:85,handler
FN:86,(anonymous_3)
FNF:4
FNH:4
FNDA:8,routes
FNDA:2,handleError
FNDA:8,handler
FNDA:2,(anonymous_3)
DA:7,1
DA:10,8
DA:11,8
DA:12,1
DA:16,1
DA:19,7
DA:20,1
DA:23,1
DA:26,6
DA:27,1
DA:32,1
DA:35,5
DA:36,0
DA:37,0
DA:38,0
DA:39,0
DA:42,5
DA:43,0
DA:44,0
DA:45,0
DA:50,0
DA:54,5
DA:55,4
DA:56,2
DA:58,2
DA:60,2
DA:61,1
DA:66,2
DA:69,1
DA:70,1
DA:74,2
DA:75,1
DA:76,1
DA:77,1
DA:80,1
DA:81,1
DA:82,1
DA:86,8
LF:38
LH:30
BRDA:11,0,0,1
BRDA:11,0,1,7
BRDA:11,1,0,8
BRDA:11,1,1,7
BRDA:19,2,0,1
BRDA:19,2,1,6
BRDA:19,3,0,7
BRDA:19,3,1,6
BRDA:26,4,0,1
BRDA:26,4,1,5
BRDA:26,5,0,6
BRDA:26,5,1,5
BRDA:35,6,0,0
BRDA:35,6,1,5
BRDA:35,7,0,5
BRDA:35,7,1,1
BRDA:42,8,0,0
BRDA:42,8,1,5
BRDA:42,9,0,5
BRDA:42,9,1,4
BRDA:54,10,0,4
BRDA:54,10,1,1
BRDA:60,11,0,1
BRDA:60,11,1,1
BRDA:74,12,0,1
BRDA:74,12,1,1
BRF:26
BRH:24
end_of_record
TN:
SF:server/services.js
FN:15,(anonymous_0)
FN:22,(anonymous_1)
FN:27,(anonymous_2)
FN:37,(anonymous_3)
FN:41,(anonymous_4)
FN:45,(anonymous_5)
FN:47,(anonymous_6)
FN:62,(anonymous_7)
FN:79,(anonymous_8)
FN:83,(anonymous_9)
FN:95,(anonymous_10)
FN:106,(anonymous_11)
FN:110,(anonymous_12)
FN:121,(anonymous_13)
FNF:14
FNH:4
FNDA:5,(anonymous_0)
FNDA:0,(anonymous_1)
FNDA:0,(anonymous_2)
FNDA:0,(anonymous_3)
FNDA:0,(anonymous_4)
FNDA:0,(anonymous_5)
FNDA:0,(anonymous_6)
FNDA:0,(anonymous_7)
FNDA:0,(anonymous_8)
FNDA:0,(anonymous_9)
FNDA:0,(anonymous_10)
FNDA:1,(anonymous_11)
FNDA:1,(anonymous_12)
FNDA:1,(anonymous_13)
DA:16,5
DA:17,5
DA:18,5
DA:19,5
DA:20,5
DA:22,5
DA:23,0
DA:28,0
DA:29,0
DA:30,0
DA:31,0
DA:38,0
DA:42,0
DA:46,0
DA:48,0
DA:49,0
DA:50,0
DA:51,0
DA:54,0
DA:57,0
DA:63,0
DA:65,0
DA:67,0
DA:68,0
DA:72,0
DA:80,0
DA:84,0
DA:85,0
DA:91,0
DA:93,0
DA:95,0
DA:97,0
DA:99,0
DA:101,0
DA:102,0
DA:107,1
DA:111,1
DA:112,1
DA:113,1
DA:115,1
DA:122,1
DA:124,1
LF:42
LH:13
BRDA:49,0,0,0
BRDA:49,0,1,0
BRDA:97,1,0,0
BRDA:97,1,1,0
BRF:4
BRH:0
end_of_record
TN:
SF:server/util.js
FNF:0
FNH:0
DA:3,3
DA:13,3
LF:2
LH:2
BRF:0
BRH:0
end_of_record
TN:
SF:tests/unit/_util/testUtil.js
FN:5,(anonymous_0)
FN:7,(anonymous_1)
FN:17,(anonymous_2)
FN:19,(anonymous_3)
FN:27,(anonymous_4)
FN:29,(anonymous_5)
FN:43,(anonymous_6)
FNF:7
FNH:4
FNDA:15,(anonymous_0)
FNDA:0,(anonymous_1)
FNDA:8,(anonymous_2)
FNDA:0,(anonymous_3)
FNDA:8,(anonymous_4)
FNDA:0,(anonymous_5)
FNDA:8,(anonymous_6)
DA:6,15
DA:8,0
DA:9,0
DA:12,0
DA:18,8
DA:20,0
DA:22,0
DA:28,8
DA:29,8
DA:30,8
DA:42,8
DA:43,8
LF:12
LH:7
BRF:0
BRH:0
end_of_record
